  main.cpp
c:\users\mac\documents\opengl\sals\sals\main.cpp(106): warning C4244: 'initializing': conversion from 'double' to 'GLfloat', possible loss of data
c:\users\mac\documents\opengl\sals\sals\main.cpp(189): warning C4244: '=': conversion from 'double' to 'GLfloat', possible loss of data
c:\users\mac\documents\opengl\sals\sals\main.cpp(190): warning C4244: '=': conversion from 'double' to 'GLfloat', possible loss of data
c:\users\mac\documents\opengl\sals\sals\main.cpp(194): warning C4244: 'initializing': conversion from 'double' to 'GLfloat', possible loss of data
c:\users\mac\documents\opengl\sals\sals\main.cpp(195): warning C4244: 'initializing': conversion from 'double' to 'GLfloat', possible loss of data
c:\users\mac\documents\opengl\sals\sals\main.cpp(197): warning C4244: '=': conversion from 'double' to 'GLfloat', possible loss of data
c:\users\mac\documents\opengl\sals\sals\main.cpp(198): warning C4244: '=': conversion from 'double' to 'GLfloat', possible loss of data
LINK : warning LNK4098: defaultlib 'MSVCRTD' conflicts with use of other libs; use /NODEFAULTLIB:library
  Generating code
  All 693 functions were compiled because no usable IPDB/IOBJ from previous compilation was found.
  Finished generating code
glfw3.lib(context.obj) : warning LNK4099: PDB 'glfw.pdb' was not found with 'glfw3.lib(context.obj)' or at 'C:\Users\MAC\Documents\OpenGL\SALS\Release\glfw.pdb'; linking object as if no debug info
glfw3.lib(init.obj) : warning LNK4099: PDB 'glfw.pdb' was not found with 'glfw3.lib(init.obj)' or at 'C:\Users\MAC\Documents\OpenGL\SALS\Release\glfw.pdb'; linking object as if no debug info
glfw3.lib(input.obj) : warning LNK4099: PDB 'glfw.pdb' was not found with 'glfw3.lib(input.obj)' or at 'C:\Users\MAC\Documents\OpenGL\SALS\Release\glfw.pdb'; linking object as if no debug info
glfw3.lib(monitor.obj) : warning LNK4099: PDB 'glfw.pdb' was not found with 'glfw3.lib(monitor.obj)' or at 'C:\Users\MAC\Documents\OpenGL\SALS\Release\glfw.pdb'; linking object as if no debug info
glfw3.lib(vulkan.obj) : warning LNK4099: PDB 'glfw.pdb' was not found with 'glfw3.lib(vulkan.obj)' or at 'C:\Users\MAC\Documents\OpenGL\SALS\Release\glfw.pdb'; linking object as if no debug info
glfw3.lib(window.obj) : warning LNK4099: PDB 'glfw.pdb' was not found with 'glfw3.lib(window.obj)' or at 'C:\Users\MAC\Documents\OpenGL\SALS\Release\glfw.pdb'; linking object as if no debug info
glfw3.lib(win32_init.obj) : warning LNK4099: PDB 'glfw.pdb' was not found with 'glfw3.lib(win32_init.obj)' or at 'C:\Users\MAC\Documents\OpenGL\SALS\Release\glfw.pdb'; linking object as if no debug info
glfw3.lib(win32_joystick.obj) : warning LNK4099: PDB 'glfw.pdb' was not found with 'glfw3.lib(win32_joystick.obj)' or at 'C:\Users\MAC\Documents\OpenGL\SALS\Release\glfw.pdb'; linking object as if no debug info
glfw3.lib(win32_monitor.obj) : warning LNK4099: PDB 'glfw.pdb' was not found with 'glfw3.lib(win32_monitor.obj)' or at 'C:\Users\MAC\Documents\OpenGL\SALS\Release\glfw.pdb'; linking object as if no debug info
glfw3.lib(win32_time.obj) : warning LNK4099: PDB 'glfw.pdb' was not found with 'glfw3.lib(win32_time.obj)' or at 'C:\Users\MAC\Documents\OpenGL\SALS\Release\glfw.pdb'; linking object as if no debug info
glfw3.lib(win32_thread.obj) : warning LNK4099: PDB 'glfw.pdb' was not found with 'glfw3.lib(win32_thread.obj)' or at 'C:\Users\MAC\Documents\OpenGL\SALS\Release\glfw.pdb'; linking object as if no debug info
glfw3.lib(win32_window.obj) : warning LNK4099: PDB 'glfw.pdb' was not found with 'glfw3.lib(win32_window.obj)' or at 'C:\Users\MAC\Documents\OpenGL\SALS\Release\glfw.pdb'; linking object as if no debug info
glfw3.lib(wgl_context.obj) : warning LNK4099: PDB 'glfw.pdb' was not found with 'glfw3.lib(wgl_context.obj)' or at 'C:\Users\MAC\Documents\OpenGL\SALS\Release\glfw.pdb'; linking object as if no debug info
glfw3.lib(egl_context.obj) : warning LNK4099: PDB 'glfw.pdb' was not found with 'glfw3.lib(egl_context.obj)' or at 'C:\Users\MAC\Documents\OpenGL\SALS\Release\glfw.pdb'; linking object as if no debug info
glfw3.lib(osmesa_context.obj) : warning LNK4099: PDB 'glfw.pdb' was not found with 'glfw3.lib(osmesa_context.obj)' or at 'C:\Users\MAC\Documents\OpenGL\SALS\Release\glfw.pdb'; linking object as if no debug info
  SALS.vcxproj -> C:\Users\MAC\Documents\OpenGL\SALS\Release\SALS.exe
